  ApocalypseGame.cpp
D:\projects\ApocalypseGame\ApocalypseGame\ApocalypseGame.cpp(79,18): warning C4566: символ, представленный универсальным именем символа "\u2554", невозможно представить в текущей кодовой странице (1251)
D:\projects\ApocalypseGame\ApocalypseGame\ApocalypseGame.cpp(79,18): warning C4566: символ, представленный универсальным именем символа "\u2550", невозможно представить в текущей кодовой странице (1251)
D:\projects\ApocalypseGame\ApocalypseGame\ApocalypseGame.cpp(79,18): warning C4566: символ, представленный универсальным именем символа "\u2557", невозможно представить в текущей кодовой странице (1251)
D:\projects\ApocalypseGame\ApocalypseGame\ApocalypseGame.cpp(80,18): warning C4566: символ, представленный универсальным именем символа "\u2551", невозможно представить в текущей кодовой странице (1251)
D:\projects\ApocalypseGame\ApocalypseGame\ApocalypseGame.cpp(81,18): warning C4566: символ, представленный универсальным именем символа "\u2551", невозможно представить в текущей кодовой странице (1251)
D:\projects\ApocalypseGame\ApocalypseGame\ApocalypseGame.cpp(81,18): warning C4566: символ, представленный универсальным именем символа "\u2588", невозможно представить в текущей кодовой странице (1251)
D:\projects\ApocalypseGame\ApocalypseGame\ApocalypseGame.cpp(81,18): warning C4566: символ, представленный универсальным именем символа "\u2557", невозможно представить в текущей кодовой странице (1251)
D:\projects\ApocalypseGame\ApocalypseGame\ApocalypseGame.cpp(82,18): warning C4566: символ, представленный универсальным именем символа "\u2551", невозможно представить в текущей кодовой странице (1251)
D:\projects\ApocalypseGame\ApocalypseGame\ApocalypseGame.cpp(82,18): warning C4566: символ, представленный универсальным именем символа "\u2588", невозможно представить в текущей кодовой странице (1251)
D:\projects\ApocalypseGame\ApocalypseGame\ApocalypseGame.cpp(82,18): warning C4566: символ, представленный универсальным именем символа "\u2554", невозможно представить в текущей кодовой странице (1251)
D:\projects\ApocalypseGame\ApocalypseGame\ApocalypseGame.cpp(82,18): warning C4566: символ, представленный универсальным именем символа "\u2550", невозможно представить в текущей кодовой странице (1251)
D:\projects\ApocalypseGame\ApocalypseGame\ApocalypseGame.cpp(82,18): warning C4566: символ, представленный универсальным именем символа "\u255D", невозможно представить в текущей кодовой странице (1251)
D:\projects\ApocalypseGame\ApocalypseGame\ApocalypseGame.cpp(82,18): warning C4566: символ, представленный универсальным именем символа "\u255A", невозможно представить в текущей кодовой странице (1251)
D:\projects\ApocalypseGame\ApocalypseGame\ApocalypseGame.cpp(82,18): warning C4566: символ, представленный универсальным именем символа "\u2557", невозможно представить в текущей кодовой странице (1251)
D:\projects\ApocalypseGame\ApocalypseGame\ApocalypseGame.cpp(83,18): warning C4566: символ, представленный универсальным именем символа "\u2551", невозможно представить в текущей кодовой странице (1251)
D:\projects\ApocalypseGame\ApocalypseGame\ApocalypseGame.cpp(83,18): warning C4566: символ, представленный универсальным именем символа "\u2588", невозможно представить в текущей кодовой странице (1251)
D:\projects\ApocalypseGame\ApocalypseGame\ApocalypseGame.cpp(83,18): warning C4566: символ, представленный универсальным именем символа "\u2554", невозможно представить в текущей кодовой странице (1251)
D:\projects\ApocalypseGame\ApocalypseGame\ApocalypseGame.cpp(83,18): warning C4566: символ, представленный универсальным именем символа "\u255D", невозможно представить в текущей кодовой странице (1251)
D:\projects\ApocalypseGame\ApocalypseGame\ApocalypseGame.cpp(83,18): warning C4566: символ, представленный универсальным именем символа "\u2557", невозможно представить в текущей кодовой странице (1251)
D:\projects\ApocalypseGame\ApocalypseGame\ApocalypseGame.cpp(84,18): warning C4566: символ, представленный универсальным именем символа "\u2551", невозможно представить в текущей кодовой странице (1251)
D:\projects\ApocalypseGame\ApocalypseGame\ApocalypseGame.cpp(84,18): warning C4566: символ, представленный универсальным именем символа "\u2588", невозможно представить в текущей кодовой странице (1251)
D:\projects\ApocalypseGame\ApocalypseGame\ApocalypseGame.cpp(84,18): warning C4566: символ, представленный универсальным именем символа "\u2554", невозможно представить в текущей кодовой странице (1251)
D:\projects\ApocalypseGame\ApocalypseGame\ApocalypseGame.cpp(84,18): warning C4566: символ, представленный универсальным именем символа "\u2550", невозможно представить в текущей кодовой странице (1251)
D:\projects\ApocalypseGame\ApocalypseGame\ApocalypseGame.cpp(84,18): warning C4566: символ, представленный универсальным именем символа "\u2557", невозможно представить в текущей кодовой странице (1251)
D:\projects\ApocalypseGame\ApocalypseGame\ApocalypseGame.cpp(84,18): warning C4566: символ, представленный универсальным именем символа "\u255D", невозможно представить в текущей кодовой странице (1251)
D:\projects\ApocalypseGame\ApocalypseGame\ApocalypseGame.cpp(85,18): warning C4566: символ, представленный универсальным именем символа "\u2551", невозможно представить в текущей кодовой странице (1251)
D:\projects\ApocalypseGame\ApocalypseGame\ApocalypseGame.cpp(85,18): warning C4566: символ, представленный универсальным именем символа "\u255A", невозможно представить в текущей кодовой странице (1251)
D:\projects\ApocalypseGame\ApocalypseGame\ApocalypseGame.cpp(85,18): warning C4566: символ, представленный универсальным именем символа "\u2588", невозможно представить в текущей кодовой странице (1251)
D:\projects\ApocalypseGame\ApocalypseGame\ApocalypseGame.cpp(85,18): warning C4566: символ, представленный универсальным именем символа "\u2557", невозможно представить в текущей кодовой странице (1251)
D:\projects\ApocalypseGame\ApocalypseGame\ApocalypseGame.cpp(86,18): warning C4566: символ, представленный универсальным именем символа "\u2551", невозможно представить в текущей кодовой странице (1251)
D:\projects\ApocalypseGame\ApocalypseGame\ApocalypseGame.cpp(86,18): warning C4566: символ, представленный универсальным именем символа "\u255A", невозможно представить в текущей кодовой странице (1251)
D:\projects\ApocalypseGame\ApocalypseGame\ApocalypseGame.cpp(86,18): warning C4566: символ, представленный универсальным именем символа "\u2550", невозможно представить в текущей кодовой странице (1251)
D:\projects\ApocalypseGame\ApocalypseGame\ApocalypseGame.cpp(86,18): warning C4566: символ, представленный универсальным именем символа "\u255D", невозможно представить в текущей кодовой странице (1251)
D:\projects\ApocalypseGame\ApocalypseGame\ApocalypseGame.cpp(87,18): warning C4566: символ, представленный универсальным именем символа "\u2551", невозможно представить в текущей кодовой странице (1251)
D:\projects\ApocalypseGame\ApocalypseGame\ApocalypseGame.cpp(88,18): warning C4566: символ, представленный универсальным именем символа "\u2551", невозможно представить в текущей кодовой странице (1251)
D:\projects\ApocalypseGame\ApocalypseGame\ApocalypseGame.cpp(88,18): warning C4566: символ, представленный универсальным именем символа "\u2588", невозможно представить в текущей кодовой странице (1251)
D:\projects\ApocalypseGame\ApocalypseGame\ApocalypseGame.cpp(88,18): warning C4566: символ, представленный универсальным именем символа "\u2557", невозможно представить в текущей кодовой странице (1251)
D:\projects\ApocalypseGame\ApocalypseGame\ApocalypseGame.cpp(89,18): warning C4566: символ, представленный универсальным именем символа "\u2551", невозможно представить в текущей кодовой странице (1251)
D:\projects\ApocalypseGame\ApocalypseGame\ApocalypseGame.cpp(89,18): warning C4566: символ, представленный универсальным именем символа "\u2588", невозможно представить в текущей кодовой странице (1251)
D:\projects\ApocalypseGame\ApocalypseGame\ApocalypseGame.cpp(89,18): warning C4566: символ, представленный универсальным именем символа "\u2554", невозможно представить в текущей кодовой странице (1251)
D:\projects\ApocalypseGame\ApocalypseGame\ApocalypseGame.cpp(89,18): warning C4566: символ, представленный универсальным именем символа "\u2550", невозможно представить в текущей кодовой странице (1251)
D:\projects\ApocalypseGame\ApocalypseGame\ApocalypseGame.cpp(89,18): warning C4566: символ, представленный универсальным именем символа "\u2557", невозможно представить в текущей кодовой странице (1251)
D:\projects\ApocalypseGame\ApocalypseGame\ApocalypseGame.cpp(89,18): warning C4566: символ, представленный универсальным именем символа "\u255D", невозможно представить в текущей кодовой странице (1251)
D:\projects\ApocalypseGame\ApocalypseGame\ApocalypseGame.cpp(90,18): warning C4566: символ, представленный универсальным именем символа "\u2551", невозможно представить в текущей кодовой странице (1251)
D:\projects\ApocalypseGame\ApocalypseGame\ApocalypseGame.cpp(90,18): warning C4566: символ, представленный универсальным именем символа "\u2588", невозможно представить в текущей кодовой странице (1251)
D:\projects\ApocalypseGame\ApocalypseGame\ApocalypseGame.cpp(90,18): warning C4566: символ, представленный универсальным именем символа "\u2554", невозможно представить в текущей кодовой странице (1251)
D:\projects\ApocalypseGame\ApocalypseGame\ApocalypseGame.cpp(90,18): warning C4566: символ, представленный универсальным именем символа "\u255D", невозможно представить в текущей кодовой странице (1251)
D:\projects\ApocalypseGame\ApocalypseGame\ApocalypseGame.cpp(90,18): warning C4566: символ, представленный универсальным именем символа "\u2557", невозможно представить в текущей кодовой странице (1251)
D:\projects\ApocalypseGame\ApocalypseGame\ApocalypseGame.cpp(91,18): warning C4566: символ, представленный универсальным именем символа "\u2551", невозможно представить в текущей кодовой странице (1251)
D:\projects\ApocalypseGame\ApocalypseGame\ApocalypseGame.cpp(91,18): warning C4566: символ, представленный универсальным именем символа "\u2588", невозможно представить в текущей кодовой странице (1251)
D:\projects\ApocalypseGame\ApocalypseGame\ApocalypseGame.cpp(91,18): warning C4566: символ, представленный универсальным именем символа "\u2554", невозможно представить в текущей кодовой странице (1251)
D:\projects\ApocalypseGame\ApocalypseGame\ApocalypseGame.cpp(91,18): warning C4566: символ, представленный универсальным именем символа "\u2550", невозможно представить в текущей кодовой странице (1251)
D:\projects\ApocalypseGame\ApocalypseGame\ApocalypseGame.cpp(91,18): warning C4566: символ, представленный универсальным именем символа "\u2557", невозможно представить в текущей кодовой странице (1251)
D:\projects\ApocalypseGame\ApocalypseGame\ApocalypseGame.cpp(91,18): warning C4566: символ, представленный универсальным именем символа "\u255A", невозможно представить в текущей кодовой странице (1251)
D:\projects\ApocalypseGame\ApocalypseGame\ApocalypseGame.cpp(91,18): warning C4566: символ, представленный универсальным именем символа "\u255D", невозможно представить в текущей кодовой странице (1251)
D:\projects\ApocalypseGame\ApocalypseGame\ApocalypseGame.cpp(92,18): warning C4566: символ, представленный универсальным именем символа "\u2551", невозможно представить в текущей кодовой странице (1251)
D:\projects\ApocalypseGame\ApocalypseGame\ApocalypseGame.cpp(92,18): warning C4566: символ, представленный универсальным именем символа "\u255A", невозможно представить в текущей кодовой странице (1251)
D:\projects\ApocalypseGame\ApocalypseGame\ApocalypseGame.cpp(92,18): warning C4566: символ, представленный универсальным именем символа "\u2588", невозможно представить в текущей кодовой странице (1251)
D:\projects\ApocalypseGame\ApocalypseGame\ApocalypseGame.cpp(92,18): warning C4566: символ, представленный универсальным именем символа "\u2554", невозможно представить в текущей кодовой странице (1251)
D:\projects\ApocalypseGame\ApocalypseGame\ApocalypseGame.cpp(92,18): warning C4566: символ, представленный универсальным именем символа "\u255D", невозможно представить в текущей кодовой странице (1251)
D:\projects\ApocalypseGame\ApocalypseGame\ApocalypseGame.cpp(93,18): warning C4566: символ, представленный универсальным именем символа "\u2551", невозможно представить в текущей кодовой странице (1251)
D:\projects\ApocalypseGame\ApocalypseGame\ApocalypseGame.cpp(93,18): warning C4566: символ, представленный универсальным именем символа "\u255A", невозможно представить в текущей кодовой странице (1251)
D:\projects\ApocalypseGame\ApocalypseGame\ApocalypseGame.cpp(93,18): warning C4566: символ, представленный универсальным именем символа "\u2550", невозможно представить в текущей кодовой странице (1251)
D:\projects\ApocalypseGame\ApocalypseGame\ApocalypseGame.cpp(93,18): warning C4566: символ, представленный универсальным именем символа "\u255D", невозможно представить в текущей кодовой странице (1251)
D:\projects\ApocalypseGame\ApocalypseGame\ApocalypseGame.cpp(94,18): warning C4566: символ, представленный универсальным именем символа "\u2551", невозможно представить в текущей кодовой странице (1251)
D:\projects\ApocalypseGame\ApocalypseGame\ApocalypseGame.cpp(95,18): warning C4566: символ, представленный универсальным именем символа "\u2551", невозможно представить в текущей кодовой странице (1251)
D:\projects\ApocalypseGame\ApocalypseGame\ApocalypseGame.cpp(96,18): warning C4566: символ, представленный универсальным именем символа "\u2551", невозможно представить в текущей кодовой странице (1251)
D:\projects\ApocalypseGame\ApocalypseGame\ApocalypseGame.cpp(97,18): warning C4566: символ, представленный универсальным именем символа "\u255A", невозможно представить в текущей кодовой странице (1251)
D:\projects\ApocalypseGame\ApocalypseGame\ApocalypseGame.cpp(97,18): warning C4566: символ, представленный универсальным именем символа "\u2550", невозможно представить в текущей кодовой странице (1251)
D:\projects\ApocalypseGame\ApocalypseGame\ApocalypseGame.cpp(97,18): warning C4566: символ, представленный универсальным именем символа "\u255D", невозможно представить в текущей кодовой странице (1251)
D:\projects\ApocalypseGame\ApocalypseGame\ApocalypseGame.cpp(125,18): warning C4566: символ, представленный универсальным именем символа "\u2554", невозможно представить в текущей кодовой странице (1251)
D:\projects\ApocalypseGame\ApocalypseGame\ApocalypseGame.cpp(125,18): warning C4566: символ, представленный универсальным именем символа "\u2550", невозможно представить в текущей кодовой странице (1251)
D:\projects\ApocalypseGame\ApocalypseGame\ApocalypseGame.cpp(125,18): warning C4566: символ, представленный универсальным именем символа "\u2557", невозможно представить в текущей кодовой странице (1251)
D:\projects\ApocalypseGame\ApocalypseGame\ApocalypseGame.cpp(128,18): warning C4566: символ, представленный универсальным именем символа "\u2551", невозможно представить в текущей кодовой странице (1251)
D:\projects\ApocalypseGame\ApocalypseGame\ApocalypseGame.cpp(130,22): warning C4566: символ, представленный универсальным именем символа "\u2588", невозможно представить в текущей кодовой странице (1251)
D:\projects\ApocalypseGame\ApocalypseGame\ApocalypseGame.cpp(133,22): warning C4566: символ, представленный универсальным именем символа "\u2591", невозможно представить в текущей кодовой странице (1251)
D:\projects\ApocalypseGame\ApocalypseGame\ApocalypseGame.cpp(138,18): warning C4566: символ, представленный универсальным именем символа "\u2551", невозможно представить в текущей кодовой странице (1251)
D:\projects\ApocalypseGame\ApocalypseGame\ApocalypseGame.cpp(139,38): warning C4566: символ, представленный универсальным именем символа "\U0001F33E", невозможно представить в текущей кодовой странице (1251)
D:\projects\ApocalypseGame\ApocalypseGame\ApocalypseGame.cpp(143,18): warning C4566: символ, представленный универсальным именем символа "\u2551", невозможно представить в текущей кодовой странице (1251)
D:\projects\ApocalypseGame\ApocalypseGame\ApocalypseGame.cpp(144,44): warning C4566: символ, представленный универсальным именем символа "\u2699", невозможно представить в текущей кодовой странице (1251)
D:\projects\ApocalypseGame\ApocalypseGame\ApocalypseGame.cpp(144,44): warning C4566: символ, представленный универсальным именем символа "\uFE0F", невозможно представить в текущей кодовой странице (1251)
D:\projects\ApocalypseGame\ApocalypseGame\ApocalypseGame.cpp(148,18): warning C4566: символ, представленный универсальным именем символа "\u2551", невозможно представить в текущей кодовой странице (1251)
D:\projects\ApocalypseGame\ApocalypseGame\ApocalypseGame.cpp(149,42): warning C4566: символ, представленный универсальным именем символа "\U0001F6E2", невозможно представить в текущей кодовой странице (1251)
D:\projects\ApocalypseGame\ApocalypseGame\ApocalypseGame.cpp(149,42): warning C4566: символ, представленный универсальным именем символа "\uFE0F", невозможно представить в текущей кодовой странице (1251)
D:\projects\ApocalypseGame\ApocalypseGame\ApocalypseGame.cpp(154,18): warning C4566: символ, представленный универсальным именем символа "\u2551", невозможно представить в текущей кодовой странице (1251)
D:\projects\ApocalypseGame\ApocalypseGame\ApocalypseGame.cpp(155,45): warning C4566: символ, представленный универсальным именем символа "\U0001F52B", невозможно представить в текущей кодовой странице (1251)
D:\projects\ApocalypseGame\ApocalypseGame\ApocalypseGame.cpp(159,18): warning C4566: символ, представленный универсальным именем символа "\u2551", невозможно представить в текущей кодовой странице (1251)
D:\projects\ApocalypseGame\ApocalypseGame\ApocalypseGame.cpp(160,42): warning C4566: символ, представленный универсальным именем символа "\U0001F3DB", невозможно представить в текущей кодовой странице (1251)
D:\projects\ApocalypseGame\ApocalypseGame\ApocalypseGame.cpp(160,42): warning C4566: символ, представленный универсальным именем символа "\uFE0F", невозможно представить в текущей кодовой странице (1251)
D:\projects\ApocalypseGame\ApocalypseGame\ApocalypseGame.cpp(164,18): warning C4566: символ, представленный универсальным именем символа "\u2551", невозможно представить в текущей кодовой странице (1251)
D:\projects\ApocalypseGame\ApocalypseGame\ApocalypseGame.cpp(165,43): warning C4566: символ, представленный универсальным именем символа "\U0001F4B0", невозможно представить в текущей кодовой странице (1251)
D:\projects\ApocalypseGame\ApocalypseGame\ApocalypseGame.cpp(170,18): warning C4566: символ, представленный универсальным именем символа "\u2551", невозможно представить в текущей кодовой странице (1251)
D:\projects\ApocalypseGame\ApocalypseGame\ApocalypseGame.cpp(172,22): warning C4566: символ, представленный универсальным именем символа "\u2588", невозможно представить в текущей кодовой странице (1251)
D:\projects\ApocalypseGame\ApocalypseGame\ApocalypseGame.cpp(175,22): warning C4566: символ, представленный универсальным именем символа "\u2591", невозможно представить в текущей кодовой странице (1251)
D:\projects\ApocalypseGame\ApocalypseGame\ApocalypseGame.cpp(179,18): warning C4566: символ, представленный универсальным именем символа "\u255A", невозможно представить в текущей кодовой странице (1251)
D:\projects\ApocalypseGame\ApocalypseGame\ApocalypseGame.cpp(179,18): warning C4566: символ, представленный универсальным именем символа "\u2550", невозможно представить в текущей кодовой странице (1251)
D:\projects\ApocalypseGame\ApocalypseGame\ApocalypseGame.cpp(179,18): warning C4566: символ, представленный универсальным именем символа "\u255D", невозможно представить в текущей кодовой странице (1251)
D:\projects\ApocalypseGame\ApocalypseGame\ApocalypseGame.cpp(182,18): warning C4566: символ, представленный универсальным именем символа "\U0001F33E", невозможно представить в текущей кодовой странице (1251)
D:\projects\ApocalypseGame\ApocalypseGame\ApocalypseGame.cpp(182,18): warning C4566: символ, представленный универсальным именем символа "\u2699", невозможно представить в текущей кодовой странице (1251)
D:\projects\ApocalypseGame\ApocalypseGame\ApocalypseGame.cpp(182,18): warning C4566: символ, представленный универсальным именем символа "\uFE0F", невозможно представить в текущей кодовой странице (1251)
D:\projects\ApocalypseGame\ApocalypseGame\ApocalypseGame.cpp(182,18): warning C4566: символ, представленный универсальным именем символа "\U0001F6E2", невозможно представить в текущей кодовой странице (1251)
D:\projects\ApocalypseGame\ApocalypseGame\ApocalypseGame.cpp(182,18): warning C4566: символ, представленный универсальным именем символа "\U0001F52B", невозможно представить в текущей кодовой странице (1251)
D:\projects\ApocalypseGame\ApocalypseGame\ApocalypseGame.cpp(182,18): warning C4566: символ, представленный универсальным именем символа "\U0001F3DB", невозможно представить в текущей кодовой странице (1251)
D:\projects\ApocalypseGame\ApocalypseGame\ApocalypseGame.cpp(182,18): warning C4566: символ, представленный универсальным именем символа "\U0001F4B0", невозможно представить в текущей кодовой странице (1251)
D:\projects\ApocalypseGame\ApocalypseGame\ApocalypseGame.cpp(182,18): warning C4566: символ, представленный универсальным именем символа "\u2588", невозможно представить в текущей кодовой странице (1251)
D:\projects\ApocalypseGame\ApocalypseGame\ApocalypseGame.cpp(1412,32): warning C4244: инициализация: преобразование "double" в "int", возможна потеря данных
D:\projects\ApocalypseGame\ApocalypseGame\ApocalypseGame.cpp(1413,56): warning C4244: =: преобразование "double" в "int", возможна потеря данных
  ApocalypseGame.vcxproj -> D:\projects\ApocalypseGame\x64\Debug\ApocalypseGame.exe
